2024-02-15 00:50:17,940 - DEBUG - Module pygubu.plugins.tk.tkstdwidgets loaded.
2024-02-15 00:50:18,647 - DEBUG - processing property height value
2024-02-15 00:50:18,647 - DEBUG - setting property height = 200
2024-02-15 00:50:18,648 - DEBUG - processing property width value
2024-02-15 00:50:18,648 - DEBUG - setting property width = 200
2024-02-15 00:50:18,652 - DEBUG - Module pygubu.plugins.ttk.ttkstdwidgets loaded.
2024-02-15 00:50:18,671 - DEBUG - processing property height value
2024-02-15 00:50:18,671 - DEBUG - setting property height = 200
2024-02-15 00:50:18,671 - DEBUG - processing property padding value
2024-02-15 00:50:18,671 - DEBUG - setting property padding = 2
2024-02-15 00:50:18,672 - DEBUG - processing property width value
2024-02-15 00:50:18,672 - DEBUG - setting property width = 200
2024-02-15 00:50:18,673 - DEBUG - processing property height value
2024-02-15 00:50:18,673 - DEBUG - setting property height = 200
2024-02-15 00:50:18,673 - DEBUG - processing property width value
2024-02-15 00:50:18,673 - DEBUG - setting property width = 200
2024-02-15 00:50:18,673 - DEBUG - processing property height value
2024-02-15 00:50:18,673 - DEBUG - setting property height = 200
2024-02-15 00:50:18,674 - DEBUG - processing property width value
2024-02-15 00:50:18,674 - DEBUG - setting property width = 200
2024-02-15 00:50:18,674 - DEBUG - processing property height value
2024-02-15 00:50:18,674 - DEBUG - setting property height = 400
2024-02-15 00:50:18,674 - DEBUG - processing property width value
2024-02-15 00:50:18,674 - DEBUG - setting property width = 400
2024-02-15 00:50:18,675 - DEBUG - processing property height value
2024-02-15 00:50:18,675 - DEBUG - setting property height = 200
2024-02-15 00:50:18,675 - DEBUG - processing property padding value
2024-02-15 00:50:18,675 - DEBUG - setting property padding = 0 0 0 2
2024-02-15 00:50:18,675 - DEBUG - processing property width value
2024-02-15 00:50:18,675 - DEBUG - setting property width = 200
2024-02-15 00:50:18,682 - DEBUG - Module pygubu.plugins.pygubu.scrollbarhelper loaded.
2024-02-15 00:50:18,684 - DEBUG - processing property usemousewheel value
2024-02-15 00:50:18,684 - DEBUG - setting property usemousewheel = true
2024-02-15 00:50:18,686 - DEBUG - processing property selectmode value
2024-02-15 00:50:18,686 - DEBUG - setting property selectmode = extended
2024-02-15 00:50:18,686 - DEBUG - Applying pack layout to treeview1
2024-02-15 00:50:18,708 - DEBUG - Applying pack layout to sbh3
2024-02-15 00:50:18,709 - DEBUG - Applying pack layout to addnavframe
2024-02-15 00:50:18,712 - DEBUG - processing property height value
2024-02-15 00:50:18,712 - DEBUG - setting property height = 200
2024-02-15 00:50:18,712 - DEBUG - processing property padding value
2024-02-15 00:50:18,712 - DEBUG - setting property padding = 0 2 0 0
2024-02-15 00:50:18,712 - DEBUG - processing property width value
2024-02-15 00:50:18,712 - DEBUG - setting property width = 600
2024-02-15 00:50:18,712 - DEBUG - processing property height value
2024-02-15 00:50:18,712 - DEBUG - setting property height = 200
2024-02-15 00:50:18,712 - DEBUG - processing property width value
2024-02-15 00:50:18,712 - DEBUG - setting property width = 800
2024-02-15 00:50:18,715 - DEBUG - Module pygubu.plugins.pygubu.scrolledframe loaded.
2024-02-15 00:50:18,718 - DEBUG - processing property padding value
2024-02-15 00:50:18,719 - DEBUG - setting property padding = 5
2024-02-15 00:50:18,719 - DEBUG - processing property usemousewheel value
2024-02-15 00:50:18,719 - DEBUG - setting property usemousewheel = true
2024-02-15 00:50:18,720 - DEBUG - processing property height value
2024-02-15 00:50:18,720 - DEBUG - setting property height = 200
2024-02-15 00:50:18,720 - DEBUG - processing property width value
2024-02-15 00:50:18,720 - DEBUG - setting property width = 200
2024-02-15 00:50:18,720 - DEBUG - Applying pack layout to inputframe
2024-02-15 00:50:18,720 - DEBUG - Applying pack layout to scrolledframe3
2024-02-15 00:50:18,720 - DEBUG - Applying pack layout to notebook2
2024-02-15 00:50:18,722 - DEBUG - Applying pack layout to task_frame
2024-02-15 00:50:18,722 - DEBUG - processing property height value
2024-02-15 00:50:18,722 - DEBUG - setting property height = 250
2024-02-15 00:50:18,722 - DEBUG - processing property padding value
2024-02-15 00:50:18,722 - DEBUG - setting property padding = 1
2024-02-15 00:50:18,722 - DEBUG - processing property width value
2024-02-15 00:50:18,722 - DEBUG - setting property width = 250
2024-02-15 00:50:18,724 - DEBUG - processing property usemousewheel value
2024-02-15 00:50:18,724 - DEBUG - setting property usemousewheel = true
2024-02-15 00:50:18,725 - DEBUG - processing property background value
2024-02-15 00:50:18,726 - DEBUG - setting property background = #ffffff
2024-02-15 00:50:18,726 - DEBUG - processing property font value
2024-02-15 00:50:18,726 - DEBUG - setting property font = {liberation sans} 14 {}
2024-02-15 00:50:18,726 - DEBUG - processing property height value
2024-02-15 00:50:18,726 - DEBUG - setting property height = 10
2024-02-15 00:50:18,726 - DEBUG - processing property highlightthickness value
2024-02-15 00:50:18,726 - DEBUG - setting property highlightthickness = 0
2024-02-15 00:50:18,726 - DEBUG - processing property takefocus value
2024-02-15 00:50:18,726 - DEBUG - setting property takefocus = True
2024-02-15 00:50:18,727 - DEBUG - processing property width value
2024-02-15 00:50:18,727 - DEBUG - setting property width = 50
2024-02-15 00:50:18,727 - DEBUG - Applying pack layout to view_text
2024-02-15 00:50:18,727 - DEBUG - Applying pack layout to scrollbarhelper2
2024-02-15 00:50:18,727 - DEBUG - Applying pack layout to frame6
2024-02-15 00:50:18,727 - DEBUG - Applying pack layout to workpw
2024-02-15 00:50:18,727 - DEBUG - Applying pack layout to workframe
2024-02-15 00:50:18,727 - DEBUG - No layout information for: (ttk.Frame, bpanel).
2024-02-15 00:50:18,728 - DEBUG - processing property height value
2024-02-15 00:50:18,728 - DEBUG - setting property height = 200
2024-02-15 00:50:18,728 - DEBUG - processing property width value
2024-02-15 00:50:18,728 - DEBUG - setting property width = 200
2024-02-15 00:50:18,730 - DEBUG - processing property height value
2024-02-15 00:50:18,730 - DEBUG - setting property height = 200
2024-02-15 00:50:18,730 - DEBUG - processing property width value
2024-02-15 00:50:18,730 - DEBUG - setting property width = 200
2024-02-15 00:50:18,731 - DEBUG - processing property usemousewheel value
2024-02-15 00:50:18,731 - DEBUG - setting property usemousewheel = false
2024-02-15 00:50:18,732 - DEBUG - No layout information for: (tk.Text, text_log).
2024-02-15 00:50:18,732 - DEBUG - processing property background value
2024-02-15 00:50:18,732 - DEBUG - setting property background = #f8f8f8
2024-02-15 00:50:18,732 - DEBUG - processing property font value
2024-02-15 00:50:18,732 - DEBUG - setting property font = {TKFixedFont} 12 {}
2024-02-15 00:50:18,732 - DEBUG - processing property height value
2024-02-15 00:50:18,734 - DEBUG - setting property height = 8
2024-02-15 00:50:18,734 - DEBUG - processing property state value
2024-02-15 00:50:18,734 - DEBUG - setting property state = disabled
2024-02-15 00:50:18,734 - DEBUG - processing property width value
2024-02-15 00:50:18,734 - DEBUG - setting property width = 50
2024-02-15 00:50:18,734 - DEBUG - Applying pack layout to text_log
2024-02-15 00:50:18,734 - DEBUG - Applying pack layout to scrollbarhelper1
2024-02-15 00:50:18,734 - DEBUG - Applying pack layout to bp_container
2024-02-15 00:50:18,734 - DEBUG - processing property height value
2024-02-15 00:50:18,734 - DEBUG - setting property height = 200
2024-02-15 00:50:18,734 - DEBUG - processing property width value
2024-02-15 00:50:18,734 - DEBUG - setting property width = 200
2024-02-15 00:50:18,734 - DEBUG - No layout information for: (ttk.Checkbutton, btn_messages).
2024-02-15 00:50:18,734 - DEBUG - processing property offvalue value
2024-02-15 00:50:18,734 - DEBUG - setting property offvalue = 0
2024-02-15 00:50:18,734 - DEBUG - processing property onvalue value
2024-02-15 00:50:18,734 - DEBUG - setting property onvalue = messages
2024-02-15 00:50:18,734 - DEBUG - processing property style value
2024-02-15 00:50:18,734 - DEBUG - setting property style = Toolbutton
2024-02-15 00:50:18,734 - DEBUG - processing property text value
2024-02-15 00:50:18,736 - DEBUG - setting property text = Message
2024-02-15 00:50:18,736 - DEBUG - processing property variable value
2024-02-15 00:50:18,736 - DEBUG - setting property variable = PY_VAR0
2024-02-15 00:50:18,736 - DEBUG - Applying pack layout to btn_messages
2024-02-15 00:50:18,736 - DEBUG - processing property state value
2024-02-15 00:50:18,736 - DEBUG - setting property state = normal
2024-02-15 00:50:18,736 - DEBUG - processing property takefocus value
2024-02-15 00:50:18,736 - DEBUG - setting property takefocus = True
2024-02-15 00:50:18,736 - DEBUG - processing property text value
2024-02-15 00:50:18,736 - DEBUG - setting property text = Engine
2024-02-15 00:50:18,736 - DEBUG - processing property textvariable value
2024-02-15 00:50:18,736 - DEBUG - setting property textvariable = PY_VAR1
2024-02-15 00:50:18,736 - DEBUG - Applying pack layout to current_engine
2024-02-15 00:50:18,736 - DEBUG - Applying pack layout to bp_buttons
2024-02-15 00:50:18,736 - DEBUG - Applying pack layout to bpanel
2024-02-15 00:50:18,736 - DEBUG - Applying pack layout to mainpw
2024-02-15 00:50:18,736 - DEBUG - Applying pack layout to mainframe
2024-02-15 00:50:18,835 - DEBUG - tag: ImageWidth (256) - type: long (4) - value: b'\x00\x00\x04('
2024-02-15 00:50:18,835 - DEBUG - tag: ImageLength (257) - type: long (4) - value: b'\x00\x00\x04('
2024-02-15 00:50:18,836 - DEBUG - tag: Orientation (274) - type: short (3) - value: b'\x00\x01'
2024-02-15 00:50:18,836 - DEBUG - tag: Software (305) - type: string (2) Tag Location: 58 - Data Location: 98 - value: b'PicsArt\x00'
2024-02-15 00:50:18,836 - DEBUG - tag: DateTime (306) - type: string (2) Tag Location: 70 - Data Location: 106 - value: b'2021:12:05 22:21:33\x00'
2024-02-15 00:50:18,836 - DEBUG - tag: YCbCrSubSampling (530) - type: short (3) - value: b'\x00\x02\x00\x02'
2024-02-15 00:50:18,836 - DEBUG - tag: ExifIFD (34665) - type: long (4) - value: b'\x00\x00\x00~'
